2021-10-25 08:12:36 [main] INFO  c.j.p.t.s.TwitterToKafkaServiceApplication - Starting TwitterToKafkaServiceApplication using Java 15.0.2 on LGT00244 with PID 32484 (C:\Users\jorge.dutton\private-workspace\kafka-spring-boot-poc\twitter-to-kafka-service\target\classes started by jorge.dutton in C:\Users\jorge.dutton\private-workspace\kafka-spring-boot-poc\twitter-to-kafka-service)
2021-10-25 08:12:36 [main] INFO  c.j.p.t.s.TwitterToKafkaServiceApplication - No active profile set, falling back to default profiles: default
2021-10-25 08:12:36 [main] INFO  c.j.p.t.s.TwitterToKafkaServiceApplication - Started TwitterToKafkaServiceApplication in 0.766 seconds (JVM running for 1.438)
2021-10-25 08:12:36 [main] INFO  c.j.p.t.s.TwitterToKafkaServiceApplication - Intializing app
2021-10-25 08:12:36 [main] INFO  c.j.p.t.s.TwitterToKafkaServiceApplication - Java
2021-10-25 08:12:36 [main] INFO  c.j.p.t.s.TwitterToKafkaServiceApplication - Microservices
2021-10-25 08:12:36 [main] INFO  c.j.p.t.s.TwitterToKafkaServiceApplication - Kafka
2021-10-25 08:12:36 [main] INFO  c.j.p.t.s.TwitterToKafkaServiceApplication - Elasticsearch
2021-10-25 08:12:36 [main] INFO  c.j.p.t.s.TwitterToKafkaServiceApplication - Hello microservices!
2021-10-25 08:30:45 [main] INFO  c.j.p.t.s.TwitterToKafkaServiceApplication - Starting TwitterToKafkaServiceApplication using Java 15.0.2 on LGT00244 with PID 27476 (C:\Users\jorge.dutton\private-workspace\kafka-spring-boot-poc\twitter-to-kafka-service\target\classes started by jorge.dutton in C:\Users\jorge.dutton\private-workspace\kafka-spring-boot-poc\twitter-to-kafka-service)
2021-10-25 08:30:45 [main] INFO  c.j.p.t.s.TwitterToKafkaServiceApplication - No active profile set, falling back to default profiles: default
2021-10-25 08:30:45 [main] INFO  c.j.p.t.s.TwitterToKafkaServiceApplication - Started TwitterToKafkaServiceApplication in 0.692 seconds (JVM running for 1.37)
2021-10-25 08:30:45 [main] INFO  c.j.p.t.s.TwitterToKafkaServiceApplication - Intializing app
2021-10-25 08:30:45 [main] INFO  c.j.p.t.s.TwitterToKafkaServiceApplication - Java
2021-10-25 08:30:45 [main] INFO  c.j.p.t.s.TwitterToKafkaServiceApplication - Microservices
2021-10-25 08:30:45 [main] INFO  c.j.p.t.s.TwitterToKafkaServiceApplication - Kafka
2021-10-25 08:30:45 [main] INFO  c.j.p.t.s.TwitterToKafkaServiceApplication - Elasticsearch
2021-10-25 08:30:45 [main] INFO  c.j.p.t.s.TwitterToKafkaServiceApplication - Hello microservices!
2021-10-25 09:24:06 [main] INFO  o.s.b.t.c.SpringBootTestContextBootstrapper - Neither @ContextConfiguration nor @ContextHierarchy found for test class [com.jdutton.poc.twittertokafka.service.TwitterToKafkaServiceApplicationTest], using SpringBootContextLoader
2021-10-25 09:24:06 [main] INFO  o.s.t.c.s.AbstractContextLoader - Could not detect default resource locations for test class [com.jdutton.poc.twittertokafka.service.TwitterToKafkaServiceApplicationTest]: no resource found for suffixes {-context.xml, Context.groovy}.
2021-10-25 09:24:06 [main] INFO  o.s.t.c.s.AnnotationConfigContextLoaderUtils - Could not detect default configuration classes for test class [com.jdutton.poc.twittertokafka.service.TwitterToKafkaServiceApplicationTest]: TwitterToKafkaServiceApplicationTest does not declare any static, non-private, non-final, nested classes annotated with @Configuration.
2021-10-25 09:24:06 [main] INFO  o.s.b.t.c.SpringBootTestContextBootstrapper - Found @SpringBootConfiguration com.jdutton.poc.twittertokafka.service.TwitterToKafkaServiceApplication for test class com.jdutton.poc.twittertokafka.service.TwitterToKafkaServiceApplicationTest
2021-10-25 09:24:06 [main] INFO  o.s.b.t.c.SpringBootTestContextBootstrapper - Loaded default TestExecutionListener class names from location [META-INF/spring.factories]: [org.springframework.boot.test.mock.mockito.MockitoTestExecutionListener, org.springframework.boot.test.mock.mockito.ResetMocksTestExecutionListener, org.springframework.boot.test.autoconfigure.restdocs.RestDocsTestExecutionListener, org.springframework.boot.test.autoconfigure.web.client.MockRestServiceServerResetTestExecutionListener, org.springframework.boot.test.autoconfigure.web.servlet.MockMvcPrintOnlyOnFailureTestExecutionListener, org.springframework.boot.test.autoconfigure.web.servlet.WebDriverTestExecutionListener, org.springframework.boot.test.autoconfigure.webservices.client.MockWebServiceServerTestExecutionListener, org.springframework.test.context.web.ServletTestExecutionListener, org.springframework.test.context.support.DirtiesContextBeforeModesTestExecutionListener, org.springframework.test.context.event.ApplicationEventsTestExecutionListener, org.springframework.test.context.support.DependencyInjectionTestExecutionListener, org.springframework.test.context.support.DirtiesContextTestExecutionListener, org.springframework.test.context.transaction.TransactionalTestExecutionListener, org.springframework.test.context.jdbc.SqlScriptsTestExecutionListener, org.springframework.test.context.event.EventPublishingTestExecutionListener]
2021-10-25 09:24:06 [main] INFO  o.s.b.t.c.SpringBootTestContextBootstrapper - Using TestExecutionListeners: [org.springframework.test.context.support.DirtiesContextBeforeModesTestExecutionListener@63648ee9, org.springframework.test.context.event.ApplicationEventsTestExecutionListener@68d6972f, org.springframework.boot.test.mock.mockito.MockitoTestExecutionListener@45be7cd5, org.springframework.boot.test.autoconfigure.SpringBootDependencyInjectionTestExecutionListener@7651218e, org.springframework.test.context.support.DirtiesContextTestExecutionListener@3185fa6b, org.springframework.test.context.event.EventPublishingTestExecutionListener@6d366c9b, org.springframework.boot.test.mock.mockito.ResetMocksTestExecutionListener@5b58ed3c, org.springframework.boot.test.autoconfigure.restdocs.RestDocsTestExecutionListener@24faea88, org.springframework.boot.test.autoconfigure.web.client.MockRestServiceServerResetTestExecutionListener@3a320ade, org.springframework.boot.test.autoconfigure.web.servlet.MockMvcPrintOnlyOnFailureTestExecutionListener@64beebb7, org.springframework.boot.test.autoconfigure.web.servlet.WebDriverTestExecutionListener@7813cb11, org.springframework.boot.test.autoconfigure.webservices.client.MockWebServiceServerTestExecutionListener@bcec031]
2021-10-25 09:24:06 [main] INFO  c.j.p.t.s.TwitterToKafkaServiceApplicationTest - Starting TwitterToKafkaServiceApplicationTest using Java 11.0.11 on LGT00244 with PID 28540 (started by jorge.dutton in C:\Users\jorge.dutton\private-workspace\kafka-spring-boot-poc\twitter-to-kafka-service)
2021-10-25 09:24:06 [main] INFO  c.j.p.t.s.TwitterToKafkaServiceApplicationTest - No active profile set, falling back to default profiles: default
2021-10-25 09:24:07 [main] INFO  c.j.p.t.s.TwitterToKafkaServiceApplicationTest - Started TwitterToKafkaServiceApplicationTest in 0.799 seconds (JVM running for 1.812)
2021-10-25 09:24:07 [main] INFO  c.j.p.t.s.TwitterToKafkaServiceApplication - Intializing app
2021-10-25 09:24:07 [main] INFO  c.j.p.t.s.TwitterToKafkaServiceApplication - Java
2021-10-25 09:24:07 [main] INFO  c.j.p.t.s.TwitterToKafkaServiceApplication - Microservices
2021-10-25 09:24:07 [main] INFO  c.j.p.t.s.TwitterToKafkaServiceApplication - Kafka
2021-10-25 09:24:07 [main] INFO  c.j.p.t.s.TwitterToKafkaServiceApplication - Elasticsearch
2021-10-25 09:24:07 [main] INFO  c.j.p.t.s.TwitterToKafkaServiceApplication - Hello microservices!
